2022-01-29 22:10:12,433:DEBUG:discord.client: on_ready has successfully been registered as an event
2022-01-29 22:10:12,436:INFO:discord.client: logging in using static token
2022-01-29 22:10:12,643:DEBUG:discord.http: GET https://discord.com/api/v7/users/@me with None has returned 200
2022-01-29 22:10:12,644:DEBUG:discord.http: GET https://discord.com/api/v7/users/@me has received {'id': '929594642662580224', 'username': "Obby's Test Bot", 'avatar': None, 'discriminator': '1064', 'public_flags': 0, 'flags': 0, 'bot': True, 'banner': None, 'banner_color': None, 'accent_color': None, 'bio': '', 'locale': 'en-US', 'mfa_enabled': True, 'email': None, 'verified': True}
2022-01-29 22:10:12,665:DEBUG:discord.http: GET https://discord.com/api/v7/gateway with None has returned 200
2022-01-29 22:10:12,666:DEBUG:discord.http: GET https://discord.com/api/v7/gateway has received {'url': 'wss://gateway.discord.gg'}
2022-01-29 22:10:12,815:DEBUG:discord.gateway: Created websocket connected to wss://gateway.discord.gg?encoding=json&v=6&compress=zlib-stream
2022-01-29 22:10:12,815:DEBUG:discord.client: Dispatching event socket_raw_receive
2022-01-29 22:10:12,815:DEBUG:discord.gateway: For Shard ID None: WebSocket Event: {'t': None, 's': None, 'op': 10, 'd': {'heartbeat_interval': 41250, '_trace': ['["gateway-prd-main-8f6s",{"micros":0.0}]']}}
2022-01-29 22:10:12,815:DEBUG:discord.client: Dispatching event socket_response
2022-01-29 22:10:12,815:DEBUG:discord.client: Dispatching event socket_raw_send
2022-01-29 22:10:12,815:DEBUG:discord.client: Dispatching event socket_raw_send
2022-01-29 22:10:12,815:INFO:discord.gateway: Shard ID None has sent the IDENTIFY payload.
2022-01-29 22:10:12,901:DEBUG:discord.client: Dispatching event socket_raw_receive
2022-01-29 22:10:12,901:DEBUG:discord.gateway: For Shard ID None: WebSocket Event: {'t': None, 's': None, 'op': 11, 'd': None}
2022-01-29 22:10:12,901:DEBUG:discord.client: Dispatching event socket_response
2022-01-29 22:10:12,992:DEBUG:discord.client: Dispatching event socket_raw_receive
2022-01-29 22:10:12,992:DEBUG:discord.gateway: For Shard ID None: WebSocket Event: {'t': 'READY', 's': 1, 'op': 0, 'd': {'v': 6, 'user_settings': {}, 'user': {'verified': True, 'username': "Obby's Test Bot", 'mfa_enabled': True, 'id': '929594642662580224', 'flags': 0, 'email': None, 'discriminator': '1064', 'bot': True, 'avatar': None}, 'session_id': 'e9466e377a1fb0feca41f248d8292b71', 'relationships': [], 'private_channels': [], 'presences': [], 'guilds': [{'unavailable': True, 'id': '929594727114899456'}], 'guild_join_requests': [], 'geo_ordered_rtc_regions': ['santa-clara', 'us-west', 'seattle', 'us-south', 'us-central'], 'application': {'id': '929594642662580224', 'flags': 262144}, '_trace': ['["gateway-prd-main-8f6s",{"micros":90414,"calls":["discord-sessions-green-prd-2-103",{"micros":89465,"calls":["start_session",{"micros":33318,"calls":["api-prd-main-6p36",{"micros":29971,"calls":["get_user",{"micros":5690},"add_authorized_ip",{"micros":2038},"get_guilds",{"micros":4180},"coros_wait",{"micros":1}]}]},"guilds_connect",{"micros":1,"calls":[]},"presence_connect",{"micros":43157,"calls":[]}]}]}]']}}
2022-01-29 22:10:12,992:DEBUG:discord.client: Dispatching event socket_response
2022-01-29 22:10:12,992:INFO:discord.gateway: Shard ID None has connected to Gateway: ["gateway-prd-main-8f6s",{"micros":90414,"calls":["discord-sessions-green-prd-2-103",{"micros":89465,"calls":["start_session",{"micros":33318,"calls":["api-prd-main-6p36",{"micros":29971,"calls":["get_user",{"micros":5690},"add_authorized_ip",{"micros":2038},"get_guilds",{"micros":4180},"coros_wait",{"micros":1}]}]},"guilds_connect",{"micros":1,"calls":[]},"presence_connect",{"micros":43157,"calls":[]}]}]}] (Session ID: e9466e377a1fb0feca41f248d8292b71).
2022-01-29 22:10:12,998:DEBUG:discord.client: Dispatching event connect
2022-01-29 22:10:12,998:DEBUG:discord.client: Dispatching event socket_raw_receive
2022-01-29 22:10:12,998:DEBUG:discord.gateway: For Shard ID None: WebSocket Event: {'t': 'GUILD_CREATE', 's': 2, 'op': 0, 'd': {'member_count': 4, 'presences': [], 'preferred_locale': 'en-US', 'name': 'Test Zone', 'nsfw': False, 'owner_id': '462940637595959296', 'max_video_channel_users': 25, 'description': None, 'system_channel_flags': 0, 'verification_level': 0, 'hub_type': None, 'region': 'deprecated', 'application_command_count': 0, 'discovery_splash': None, 'guild_hashes': {'version': 1, 'roles': {'omitted': False, 'hash': 'FDi+yZ/c0y8'}, 'metadata': {'omitted': False, 'hash': 'KF8OztEoGQ4'}, 'channels': {'omitted': False, 'hash': 'wFbllexKWDQ'}}, 'roles': [{'unicode_emoji': None, 'position': 0, 'permissions_new': '1071698660929', 'permissions': 104320577, 'name': '@everyone', 'mentionable': False, 'managed': False, 'id': '929594727114899456', 'icon': None, 'hoist': False, 'color': 0}, {'unicode_emoji': None, 'tags': {'bot_id': '929594642662580224'}, 'position': 2, 'permissions_new': '8', 'permissions': 8, 'name': "Obby's Test Bot", 'mentionable': False, 'managed': True, 'id': '929596147931181068', 'icon': None, 'hoist': False, 'color': 0}, {'unicode_emoji': None, 'position': 1, 'permissions_new': '1071698660929', 'permissions': 104320577, 'name': 'Muted', 'mentionable': False, 'managed': False, 'id': '930947219987791904', 'icon': None, 'hoist': False, 'color': 0}, {'unicode_emoji': None, 'position': 1, 'permissions_new': '1071698660929', 'permissions': 104320577, 'name': 'new role', 'mentionable': False, 'managed': False, 'id': '930953928747679816', 'icon': None, 'hoist': False, 'color': 0}], 'joined_at': '2022-01-09T04:43:12.792000+00:00', 'system_channel_id': '929594727114899459', 'application_id': None, 'stage_instances': [], 'members': [{'user': {'username': "Obby's Test Bot", 'id': '929594642662580224', 'discriminator': '1064', 'bot': True, 'avatar': None}, 'roles': ['929596147931181068'], 'mute': False, 'joined_at': '2022-01-09T04:43:12.792000+00:00', 'hoisted_role': None, 'deaf': False}], 'channels': [{'type': 4, 'position': 0, 'permission_overwrites': [], 'name': 'Text Channels', 'id': '929594727114899458'}, {'type': 0, 'topic': None, 'rate_limit_per_user': 0, 'position': 1, 'permission_overwrites': [], 'parent_id': '929594727114899458', 'name': 'general', 'last_message_id': '934884352737804299', 'id': '929594727114899459'}, {'type': 0, 'topic': None, 'rate_limit_per_user': 0, 'position': 2, 'permission_overwrites': [], 'parent_id': '929594727114899458', 'name': 'clips-and-highlights', 'last_message_id': '932089077367439420', 'id': '929594727114899460'}, {'type': 4, 'position': 3, 'permission_overwrites': [], 'name': 'Voice Channels', 'id': '929594727114899461'}, {'user_limit': 0, 'type': 2, 'rtc_region': None, 'rate_limit_per_user': 0, 'position': 4, 'permission_overwrites': [], 'parent_id': '929594727114899461', 'name': 'Lobby', 'last_message_id': None, 'id': '929594727114899462', 'bitrate': 64000}, {'user_limit': 0, 'type': 2, 'rtc_region': None, 'rate_limit_per_user': 0, 'position': 5, 'permission_overwrites': [], 'parent_id': '929594727114899461', 'name': 'Gaming', 'last_message_id': None, 'id': '929594727114899463', 'bitrate': 64000}], 'mfa_level': 0, 'rules_channel_id': None, 'voice_states': [], 'lazy': True, 'nsfw_level': 0, 'premium_tier': 0, 'public_updates_channel_id': None, 'vanity_url_code': None, 'unavailable': False, 'icon': None, 'threads': [], 'afk_channel_id': None, 'afk_timeout': 300, 'emojis': [], 'premium_subscription_count': 0, 'stickers': [], 'banner': None, 'embedded_activities': [], 'id': '929594727114899456', 'large': False, 'premium_progress_bar_enabled': False, 'application_command_counts': {'3': 0, '2': 0, '1': 0}, 'max_members': 250000, 'features': [], 'guild_scheduled_events': [], 'default_message_notifications': 0, 'splash': None, 'explicit_content_filter': 0}}
2022-01-29 22:10:12,998:DEBUG:discord.client: Dispatching event socket_response
2022-01-29 22:10:12,998:DEBUG:discord.client: Dispatching event guild_available
2022-01-29 22:10:15,008:DEBUG:discord.client: Dispatching event ready
2022-01-29 22:10:17,118:INFO:discord.client: Received signal to terminate bot and event loop.
2022-01-29 22:10:17,118:INFO:discord.client: Cleaning up tasks.
2022-01-29 22:10:17,118:INFO:discord.client: Cleaning up after 1 tasks.
2022-01-29 22:10:17,119:INFO:discord.client: All tasks finished cancelling.
2022-01-29 22:10:17,119:INFO:discord.client: Closing the event loop.
